<?xml version="1.0" encoding="UTF-8"?>
<testsuite name="de.htwberlin.webtech.webtech.WebtechApplicationTests" tests="1" skipped="0" failures="0" errors="0" timestamp="2021-11-04T14:13:07" hostname="Florians-Air.fritz.box" time="0.482">
  <properties/>
  <testcase name="contextLoads()" classname="de.htwberlin.webtech.webtech.WebtechApplicationTests" time="0.482"/>
  <system-out><![CDATA[15:13:06.334 [Test worker] DEBUG org.springframework.test.context.BootstrapUtils - Instantiating CacheAwareContextLoaderDelegate from class [org.springframework.test.context.cache.DefaultCacheAwareContextLoaderDelegate]
15:13:06.343 [Test worker] DEBUG org.springframework.test.context.BootstrapUtils - Instantiating BootstrapContext using constructor [public org.springframework.test.context.support.DefaultBootstrapContext(java.lang.Class,org.springframework.test.context.CacheAwareContextLoaderDelegate)]
15:13:06.377 [Test worker] DEBUG org.springframework.test.context.BootstrapUtils - Instantiating TestContextBootstrapper for test class [de.htwberlin.webtech.webtech.WebtechApplicationTests] from class [org.springframework.boot.test.context.SpringBootTestContextBootstrapper]
15:13:06.389 [Test worker] INFO org.springframework.boot.test.context.SpringBootTestContextBootstrapper - Neither @ContextConfiguration nor @ContextHierarchy found for test class [de.htwberlin.webtech.webtech.WebtechApplicationTests], using SpringBootContextLoader
15:13:06.394 [Test worker] DEBUG org.springframework.test.context.support.AbstractContextLoader - Did not detect default resource location for test class [de.htwberlin.webtech.webtech.WebtechApplicationTests]: class path resource [de/htwberlin/webtech/webtech/WebtechApplicationTests-context.xml] does not exist
15:13:06.395 [Test worker] DEBUG org.springframework.test.context.support.AbstractContextLoader - Did not detect default resource location for test class [de.htwberlin.webtech.webtech.WebtechApplicationTests]: class path resource [de/htwberlin/webtech/webtech/WebtechApplicationTestsContext.groovy] does not exist
15:13:06.395 [Test worker] INFO org.springframework.test.context.support.AbstractContextLoader - Could not detect default resource locations for test class [de.htwberlin.webtech.webtech.WebtechApplicationTests]: no resource found for suffixes {-context.xml, Context.groovy}.
15:13:06.396 [Test worker] INFO org.springframework.test.context.support.AnnotationConfigContextLoaderUtils - Could not detect default configuration classes for test class [de.htwberlin.webtech.webtech.WebtechApplicationTests]: WebtechApplicationTests does not declare any static, non-private, non-final, nested classes annotated with @Configuration.
15:13:06.435 [Test worker] DEBUG org.springframework.test.context.support.ActiveProfilesUtils - Could not find an 'annotation declaring class' for annotation type [org.springframework.test.context.ActiveProfiles] and class [de.htwberlin.webtech.webtech.WebtechApplicationTests]
15:13:06.481 [Test worker] DEBUG org.springframework.context.annotation.ClassPathScanningCandidateComponentProvider - Identified candidate component class: file [/Users/floriananthes/IdeaProjects/WebtechProjekt/build/classes/java/main/de/htwberlin/webtech/webtech/WebtechApplication.class]
15:13:06.482 [Test worker] INFO org.springframework.boot.test.context.SpringBootTestContextBootstrapper - Found @SpringBootConfiguration de.htwberlin.webtech.webtech.WebtechApplication for test class de.htwberlin.webtech.webtech.WebtechApplicationTests
15:13:06.546 [Test worker] DEBUG org.springframework.boot.test.context.SpringBootTestContextBootstrapper - @TestExecutionListeners is not present for class [de.htwberlin.webtech.webtech.WebtechApplicationTests]: using defaults.
15:13:06.547 [Test worker] INFO org.springframework.boot.test.context.SpringBootTestContextBootstrapper - Loaded default TestExecutionListener class names from location [META-INF/spring.factories]: [org.springframework.boot.test.autoconfigure.restdocs.RestDocsTestExecutionListener, org.springframework.boot.test.autoconfigure.web.client.MockRestServiceServerResetTestExecutionListener, org.springframework.boot.test.autoconfigure.web.servlet.MockMvcPrintOnlyOnFailureTestExecutionListener, org.springframework.boot.test.autoconfigure.web.servlet.WebDriverTestExecutionListener, org.springframework.boot.test.autoconfigure.webservices.client.MockWebServiceServerTestExecutionListener, org.springframework.boot.test.mock.mockito.MockitoTestExecutionListener, org.springframework.boot.test.mock.mockito.ResetMocksTestExecutionListener, org.springframework.test.context.web.ServletTestExecutionListener, org.springframework.test.context.support.DirtiesContextBeforeModesTestExecutionListener, org.springframework.test.context.event.ApplicationEventsTestExecutionListener, org.springframework.test.context.support.DependencyInjectionTestExecutionListener, org.springframework.test.context.support.DirtiesContextTestExecutionListener, org.springframework.test.context.transaction.TransactionalTestExecutionListener, org.springframework.test.context.jdbc.SqlScriptsTestExecutionListener, org.springframework.test.context.event.EventPublishingTestExecutionListener]
15:13:06.556 [Test worker] DEBUG org.springframework.boot.test.context.SpringBootTestContextBootstrapper - Skipping candidate TestExecutionListener [org.springframework.test.context.transaction.TransactionalTestExecutionListener] due to a missing dependency. Specify custom listener classes or make the default listener classes and their required dependencies available. Offending class: [org/springframework/transaction/interceptor/TransactionAttributeSource]
15:13:06.557 [Test worker] DEBUG org.springframework.boot.test.context.SpringBootTestContextBootstrapper - Skipping candidate TestExecutionListener [org.springframework.test.context.jdbc.SqlScriptsTestExecutionListener] due to a missing dependency. Specify custom listener classes or make the default listener classes and their required dependencies available. Offending class: [org/springframework/transaction/interceptor/TransactionAttribute]
15:13:06.557 [Test worker] INFO org.springframework.boot.test.context.SpringBootTestContextBootstrapper - Using TestExecutionListeners: [org.springframework.test.context.web.ServletTestExecutionListener@abf688e, org.springframework.test.context.support.DirtiesContextBeforeModesTestExecutionListener@478ee483, org.springframework.test.context.event.ApplicationEventsTestExecutionListener@1a7288a3, org.springframework.boot.test.mock.mockito.MockitoTestExecutionListener@2974f221, org.springframework.boot.test.autoconfigure.SpringBootDependencyInjectionTestExecutionListener@58fe0499, org.springframework.test.context.support.DirtiesContextTestExecutionListener@686449f9, org.springframework.test.context.event.EventPublishingTestExecutionListener@665df3c6, org.springframework.boot.test.autoconfigure.restdocs.RestDocsTestExecutionListener@68b6f0d6, org.springframework.boot.test.autoconfigure.web.client.MockRestServiceServerResetTestExecutionListener@4044fb95, org.springframework.boot.test.autoconfigure.web.servlet.MockMvcPrintOnlyOnFailureTestExecutionListener@aa549e5, org.springframework.boot.test.autoconfigure.web.servlet.WebDriverTestExecutionListener@36f48b4, org.springframework.boot.test.autoconfigure.webservices.client.MockWebServiceServerTestExecutionListener@5c00384f, org.springframework.boot.test.mock.mockito.ResetMocksTestExecutionListener@3b7ff809]
15:13:06.561 [Test worker] DEBUG org.springframework.test.context.support.AbstractDirtiesContextTestExecutionListener - Before test class: context [DefaultTestContext@4a891c97 testClass = WebtechApplicationTests, testInstance = [null], testMethod = [null], testException = [null], mergedContextConfiguration = [WebMergedContextConfiguration@a5bd950 testClass = WebtechApplicationTests, locations = '{}', classes = '{class de.htwberlin.webtech.webtech.WebtechApplication}', contextInitializerClasses = '[]', activeProfiles = '{}', propertySourceLocations = '{}', propertySourceProperties = '{org.springframework.boot.test.context.SpringBootTestContextBootstrapper=true}', contextCustomizers = set[org.springframework.boot.test.autoconfigure.actuate.metrics.MetricsExportContextCustomizerFactory$DisableMetricExportContextCustomizer@6ee4d9ab, org.springframework.boot.test.autoconfigure.properties.PropertyMappingContextCustomizer@0, org.springframework.boot.test.autoconfigure.web.servlet.WebDriverContextCustomizerFactory$Customizer@7aaca91a, org.springframework.boot.test.context.filter.ExcludeFilterContextCustomizer@2141a12, org.springframework.boot.test.json.DuplicateJsonObjectContextCustomizerFactory$DuplicateJsonObjectContextCustomizer@225129c, org.springframework.boot.test.mock.mockito.MockitoContextCustomizer@0, org.springframework.boot.test.web.client.TestRestTemplateContextCustomizer@4397ad89, org.springframework.boot.test.context.SpringBootTestArgs@1, org.springframework.boot.test.context.SpringBootTestWebEnvironment@7d20d0b], resourceBasePath = 'src/main/webapp', contextLoader = 'org.springframework.boot.test.context.SpringBootContextLoader', parent = [null]], attributes = map['org.springframework.test.context.web.ServletTestExecutionListener.activateListener' -> true]], class annotated with @DirtiesContext [false] with mode [null].
15:13:06.591 [Test worker] DEBUG org.springframework.test.context.support.TestPropertySourceUtils - Adding inlined properties to environment: {spring.jmx.enabled=false, org.springframework.boot.test.context.SpringBootTestContextBootstrapper=true}

  .   ____          _            __ _ _
 /\\ / ___'_ __ _ _(_)_ __  __ _ \ \ \ \
( ( )\___ | '_ | '_| | '_ \/ _` | \ \ \ \
 \\/  ___)| |_)| | | | | || (_| |  ) ) ) )
  '  |____| .__|_| |_|_| |_\__, | / / / /
 =========|_|==============|___/=/_/_/_/
 :: Spring Boot ::                (v2.5.6)

2021-11-04 15:13:06.805  INFO 21299 --- [    Test worker] d.h.w.webtech.WebtechApplicationTests    : Starting WebtechApplicationTests using Java 16.0.1 on Florians-Air.fritz.box with PID 21299 (started by floriananthes in /Users/floriananthes/IdeaProjects/WebtechProjekt)
2021-11-04 15:13:06.807  INFO 21299 --- [    Test worker] d.h.w.webtech.WebtechApplicationTests    : No active profile set, falling back to default profiles: default
2021-11-04 15:13:07.957  INFO 21299 --- [    Test worker] d.h.w.webtech.WebtechApplicationTests    : Started WebtechApplicationTests in 1.361 seconds (JVM running for 2.243)
]]></system-out>
  <system-err><![CDATA[]]></system-err>
</testsuite>
