<?xml version="1.0" encoding="UTF-8"?>
<testsuite name="de.htwberlin.webtech.webtech.WebtechApplicationTests" tests="1" skipped="0" failures="0" errors="0" timestamp="2021-11-06T10:12:08" hostname="Florians-Air.fritz.box" time="0.342">
  <properties/>
  <testcase name="contextLoads()" classname="de.htwberlin.webtech.webtech.WebtechApplicationTests" time="0.342"/>
  <system-out><![CDATA[11:12:04.699 [Test worker] DEBUG org.springframework.test.context.BootstrapUtils - Instantiating CacheAwareContextLoaderDelegate from class [org.springframework.test.context.cache.DefaultCacheAwareContextLoaderDelegate]
11:12:04.709 [Test worker] DEBUG org.springframework.test.context.BootstrapUtils - Instantiating BootstrapContext using constructor [public org.springframework.test.context.support.DefaultBootstrapContext(java.lang.Class,org.springframework.test.context.CacheAwareContextLoaderDelegate)]
11:12:04.741 [Test worker] DEBUG org.springframework.test.context.BootstrapUtils - Instantiating TestContextBootstrapper for test class [de.htwberlin.webtech.webtech.WebtechApplicationTests] from class [org.springframework.boot.test.context.SpringBootTestContextBootstrapper]
11:12:04.756 [Test worker] INFO org.springframework.boot.test.context.SpringBootTestContextBootstrapper - Neither @ContextConfiguration nor @ContextHierarchy found for test class [de.htwberlin.webtech.webtech.WebtechApplicationTests], using SpringBootContextLoader
11:12:04.761 [Test worker] DEBUG org.springframework.test.context.support.AbstractContextLoader - Did not detect default resource location for test class [de.htwberlin.webtech.webtech.WebtechApplicationTests]: class path resource [de/htwberlin/webtech/webtech/WebtechApplicationTests-context.xml] does not exist
11:12:04.762 [Test worker] DEBUG org.springframework.test.context.support.AbstractContextLoader - Did not detect default resource location for test class [de.htwberlin.webtech.webtech.WebtechApplicationTests]: class path resource [de/htwberlin/webtech/webtech/WebtechApplicationTestsContext.groovy] does not exist
11:12:04.763 [Test worker] INFO org.springframework.test.context.support.AbstractContextLoader - Could not detect default resource locations for test class [de.htwberlin.webtech.webtech.WebtechApplicationTests]: no resource found for suffixes {-context.xml, Context.groovy}.
11:12:04.764 [Test worker] INFO org.springframework.test.context.support.AnnotationConfigContextLoaderUtils - Could not detect default configuration classes for test class [de.htwberlin.webtech.webtech.WebtechApplicationTests]: WebtechApplicationTests does not declare any static, non-private, non-final, nested classes annotated with @Configuration.
11:12:04.823 [Test worker] DEBUG org.springframework.test.context.support.ActiveProfilesUtils - Could not find an 'annotation declaring class' for annotation type [org.springframework.test.context.ActiveProfiles] and class [de.htwberlin.webtech.webtech.WebtechApplicationTests]
11:12:04.876 [Test worker] DEBUG org.springframework.context.annotation.ClassPathScanningCandidateComponentProvider - Identified candidate component class: file [/Users/floriananthes/IdeaProjects/WebtechProjekt/build/classes/java/main/de/htwberlin/webtech/webtech/WebtechApplication.class]
11:12:04.877 [Test worker] INFO org.springframework.boot.test.context.SpringBootTestContextBootstrapper - Found @SpringBootConfiguration de.htwberlin.webtech.webtech.WebtechApplication for test class de.htwberlin.webtech.webtech.WebtechApplicationTests
11:12:04.955 [Test worker] DEBUG org.springframework.boot.test.context.SpringBootTestContextBootstrapper - @TestExecutionListeners is not present for class [de.htwberlin.webtech.webtech.WebtechApplicationTests]: using defaults.
11:12:04.955 [Test worker] INFO org.springframework.boot.test.context.SpringBootTestContextBootstrapper - Loaded default TestExecutionListener class names from location [META-INF/spring.factories]: [org.springframework.boot.test.autoconfigure.restdocs.RestDocsTestExecutionListener, org.springframework.boot.test.autoconfigure.web.client.MockRestServiceServerResetTestExecutionListener, org.springframework.boot.test.autoconfigure.web.servlet.MockMvcPrintOnlyOnFailureTestExecutionListener, org.springframework.boot.test.autoconfigure.web.servlet.WebDriverTestExecutionListener, org.springframework.boot.test.autoconfigure.webservices.client.MockWebServiceServerTestExecutionListener, org.springframework.boot.test.mock.mockito.MockitoTestExecutionListener, org.springframework.boot.test.mock.mockito.ResetMocksTestExecutionListener, org.springframework.test.context.web.ServletTestExecutionListener, org.springframework.test.context.support.DirtiesContextBeforeModesTestExecutionListener, org.springframework.test.context.event.ApplicationEventsTestExecutionListener, org.springframework.test.context.support.DependencyInjectionTestExecutionListener, org.springframework.test.context.support.DirtiesContextTestExecutionListener, org.springframework.test.context.transaction.TransactionalTestExecutionListener, org.springframework.test.context.jdbc.SqlScriptsTestExecutionListener, org.springframework.test.context.event.EventPublishingTestExecutionListener]
11:12:04.974 [Test worker] INFO org.springframework.boot.test.context.SpringBootTestContextBootstrapper - Using TestExecutionListeners: [org.springframework.test.context.web.ServletTestExecutionListener@2bb7bd00, org.springframework.test.context.support.DirtiesContextBeforeModesTestExecutionListener@5f031ebd, org.springframework.test.context.event.ApplicationEventsTestExecutionListener@4ee37ca3, org.springframework.boot.test.mock.mockito.MockitoTestExecutionListener@45c8d09f, org.springframework.boot.test.autoconfigure.SpringBootDependencyInjectionTestExecutionListener@53812a9b, org.springframework.test.context.support.DirtiesContextTestExecutionListener@14b030a0, org.springframework.test.context.transaction.TransactionalTestExecutionListener@41e350f1, org.springframework.test.context.jdbc.SqlScriptsTestExecutionListener@422c3c7a, org.springframework.test.context.event.EventPublishingTestExecutionListener@18230356, org.springframework.boot.test.autoconfigure.restdocs.RestDocsTestExecutionListener@d8305c2, org.springframework.boot.test.autoconfigure.web.client.MockRestServiceServerResetTestExecutionListener@56bca85b, org.springframework.boot.test.autoconfigure.web.servlet.MockMvcPrintOnlyOnFailureTestExecutionListener@75d0911a, org.springframework.boot.test.autoconfigure.web.servlet.WebDriverTestExecutionListener@75e91545, org.springframework.boot.test.autoconfigure.webservices.client.MockWebServiceServerTestExecutionListener@60d1a32f, org.springframework.boot.test.mock.mockito.ResetMocksTestExecutionListener@531c311e]
11:12:04.978 [Test worker] DEBUG org.springframework.test.context.support.AbstractDirtiesContextTestExecutionListener - Before test class: context [DefaultTestContext@5c3b6c6e testClass = WebtechApplicationTests, testInstance = [null], testMethod = [null], testException = [null], mergedContextConfiguration = [WebMergedContextConfiguration@4fbda97b testClass = WebtechApplicationTests, locations = '{}', classes = '{class de.htwberlin.webtech.webtech.WebtechApplication}', contextInitializerClasses = '[]', activeProfiles = '{}', propertySourceLocations = '{}', propertySourceProperties = '{org.springframework.boot.test.context.SpringBootTestContextBootstrapper=true}', contextCustomizers = set[org.springframework.boot.test.autoconfigure.actuate.metrics.MetricsExportContextCustomizerFactory$DisableMetricExportContextCustomizer@5b67bb7e, org.springframework.boot.test.autoconfigure.properties.PropertyMappingContextCustomizer@0, org.springframework.boot.test.autoconfigure.web.servlet.WebDriverContextCustomizerFactory$Customizer@73302995, org.springframework.boot.test.context.filter.ExcludeFilterContextCustomizer@51133c06, org.springframework.boot.test.json.DuplicateJsonObjectContextCustomizerFactory$DuplicateJsonObjectContextCustomizer@4ebff610, org.springframework.boot.test.mock.mockito.MockitoContextCustomizer@0, org.springframework.boot.test.web.client.TestRestTemplateContextCustomizer@6f44a157, org.springframework.boot.test.context.SpringBootTestArgs@1, org.springframework.boot.test.context.SpringBootTestWebEnvironment@45b4c3a9], resourceBasePath = 'src/main/webapp', contextLoader = 'org.springframework.boot.test.context.SpringBootContextLoader', parent = [null]], attributes = map['org.springframework.test.context.web.ServletTestExecutionListener.activateListener' -> true]], class annotated with @DirtiesContext [false] with mode [null].
11:12:05.008 [Test worker] DEBUG org.springframework.test.context.support.TestPropertySourceUtils - Adding inlined properties to environment: {spring.jmx.enabled=false, org.springframework.boot.test.context.SpringBootTestContextBootstrapper=true}

  .   ____          _            __ _ _
 /\\ / ___'_ __ _ _(_)_ __  __ _ \ \ \ \
( ( )\___ | '_ | '_| | '_ \/ _` | \ \ \ \
 \\/  ___)| |_)| | | | | || (_| |  ) ) ) )
  '  |____| .__|_| |_|_| |_\__, | / / / /
 =========|_|==============|___/=/_/_/_/
 :: Spring Boot ::                (v2.5.6)

2021-11-06 11:12:05.311  INFO 49793 --- [    Test worker] d.h.w.webtech.WebtechApplicationTests    : Starting WebtechApplicationTests using Java 16.0.1 on Florians-Air.fritz.box with PID 49793 (started by floriananthes in /Users/floriananthes/IdeaProjects/WebtechProjekt)
2021-11-06 11:12:05.314  INFO 49793 --- [    Test worker] d.h.w.webtech.WebtechApplicationTests    : No active profile set, falling back to default profiles: default
2021-11-06 11:12:06.124  INFO 49793 --- [    Test worker] .s.d.r.c.RepositoryConfigurationDelegate : Bootstrapping Spring Data JPA repositories in DEFAULT mode.
2021-11-06 11:12:06.139  INFO 49793 --- [    Test worker] .s.d.r.c.RepositoryConfigurationDelegate : Finished Spring Data repository scanning in 6 ms. Found 0 JPA repository interfaces.
2021-11-06 11:12:06.625  INFO 49793 --- [    Test worker] com.zaxxer.hikari.HikariDataSource       : HikariPool-1 - Starting...
2021-11-06 11:12:06.778  INFO 49793 --- [    Test worker] com.zaxxer.hikari.HikariDataSource       : HikariPool-1 - Start completed.
2021-11-06 11:12:06.837  INFO 49793 --- [    Test worker] o.hibernate.jpa.internal.util.LogHelper  : HHH000204: Processing PersistenceUnitInfo [name: default]
2021-11-06 11:12:06.880  INFO 49793 --- [    Test worker] org.hibernate.Version                    : HHH000412: Hibernate ORM core version 5.4.32.Final
2021-11-06 11:12:07.065  INFO 49793 --- [    Test worker] o.hibernate.annotations.common.Version   : HCANN000001: Hibernate Commons Annotations {5.1.2.Final}
2021-11-06 11:12:07.176  INFO 49793 --- [    Test worker] org.hibernate.dialect.Dialect            : HHH000400: Using dialect: org.hibernate.dialect.H2Dialect
2021-11-06 11:12:07.371  INFO 49793 --- [    Test worker] o.h.e.t.j.p.i.JtaPlatformInitiator       : HHH000490: Using JtaPlatform implementation: [org.hibernate.engine.transaction.jta.platform.internal.NoJtaPlatform]
2021-11-06 11:12:07.379  INFO 49793 --- [    Test worker] j.LocalContainerEntityManagerFactoryBean : Initialized JPA EntityManagerFactory for persistence unit 'default'
2021-11-06 11:12:07.579  WARN 49793 --- [    Test worker] JpaBaseConfiguration$JpaWebConfiguration : spring.jpa.open-in-view is enabled by default. Therefore, database queries may be performed during view rendering. Explicitly configure spring.jpa.open-in-view to disable this warning
2021-11-06 11:12:08.129  INFO 49793 --- [    Test worker] d.h.w.webtech.WebtechApplicationTests    : Started WebtechApplicationTests in 3.114 seconds (JVM running for 4.142)
]]></system-out>
  <system-err><![CDATA[]]></system-err>
</testsuite>
