<?xml version="1.0" encoding="UTF-8"?>
<testsuite name="de.htwberlin.webtech.webtech.WebtechApplicationTests" tests="1" skipped="0" failures="0" errors="0" timestamp="2021-11-04T17:58:53" hostname="Florians-Air.fritz.box" time="0.432">
  <properties/>
  <testcase name="contextLoads()" classname="de.htwberlin.webtech.webtech.WebtechApplicationTests" time="0.432"/>
  <system-out><![CDATA[18:58:51.778 [Test worker] DEBUG org.springframework.test.context.BootstrapUtils - Instantiating CacheAwareContextLoaderDelegate from class [org.springframework.test.context.cache.DefaultCacheAwareContextLoaderDelegate]
18:58:51.789 [Test worker] DEBUG org.springframework.test.context.BootstrapUtils - Instantiating BootstrapContext using constructor [public org.springframework.test.context.support.DefaultBootstrapContext(java.lang.Class,org.springframework.test.context.CacheAwareContextLoaderDelegate)]
18:58:51.823 [Test worker] DEBUG org.springframework.test.context.BootstrapUtils - Instantiating TestContextBootstrapper for test class [de.htwberlin.webtech.webtech.WebtechApplicationTests] from class [org.springframework.boot.test.context.SpringBootTestContextBootstrapper]
18:58:51.834 [Test worker] INFO org.springframework.boot.test.context.SpringBootTestContextBootstrapper - Neither @ContextConfiguration nor @ContextHierarchy found for test class [de.htwberlin.webtech.webtech.WebtechApplicationTests], using SpringBootContextLoader
18:58:51.837 [Test worker] DEBUG org.springframework.test.context.support.AbstractContextLoader - Did not detect default resource location for test class [de.htwberlin.webtech.webtech.WebtechApplicationTests]: class path resource [de/htwberlin/webtech/webtech/WebtechApplicationTests-context.xml] does not exist
18:58:51.838 [Test worker] DEBUG org.springframework.test.context.support.AbstractContextLoader - Did not detect default resource location for test class [de.htwberlin.webtech.webtech.WebtechApplicationTests]: class path resource [de/htwberlin/webtech/webtech/WebtechApplicationTestsContext.groovy] does not exist
18:58:51.839 [Test worker] INFO org.springframework.test.context.support.AbstractContextLoader - Could not detect default resource locations for test class [de.htwberlin.webtech.webtech.WebtechApplicationTests]: no resource found for suffixes {-context.xml, Context.groovy}.
18:58:51.840 [Test worker] INFO org.springframework.test.context.support.AnnotationConfigContextLoaderUtils - Could not detect default configuration classes for test class [de.htwberlin.webtech.webtech.WebtechApplicationTests]: WebtechApplicationTests does not declare any static, non-private, non-final, nested classes annotated with @Configuration.
18:58:51.881 [Test worker] DEBUG org.springframework.test.context.support.ActiveProfilesUtils - Could not find an 'annotation declaring class' for annotation type [org.springframework.test.context.ActiveProfiles] and class [de.htwberlin.webtech.webtech.WebtechApplicationTests]
18:58:51.923 [Test worker] DEBUG org.springframework.context.annotation.ClassPathScanningCandidateComponentProvider - Identified candidate component class: file [/Users/floriananthes/IdeaProjects/WebtechProjekt/build/classes/java/main/de/htwberlin/webtech/webtech/WebtechApplication.class]
18:58:51.924 [Test worker] INFO org.springframework.boot.test.context.SpringBootTestContextBootstrapper - Found @SpringBootConfiguration de.htwberlin.webtech.webtech.WebtechApplication for test class de.htwberlin.webtech.webtech.WebtechApplicationTests
18:58:51.994 [Test worker] DEBUG org.springframework.boot.test.context.SpringBootTestContextBootstrapper - @TestExecutionListeners is not present for class [de.htwberlin.webtech.webtech.WebtechApplicationTests]: using defaults.
18:58:51.994 [Test worker] INFO org.springframework.boot.test.context.SpringBootTestContextBootstrapper - Loaded default TestExecutionListener class names from location [META-INF/spring.factories]: [org.springframework.boot.test.autoconfigure.restdocs.RestDocsTestExecutionListener, org.springframework.boot.test.autoconfigure.web.client.MockRestServiceServerResetTestExecutionListener, org.springframework.boot.test.autoconfigure.web.servlet.MockMvcPrintOnlyOnFailureTestExecutionListener, org.springframework.boot.test.autoconfigure.web.servlet.WebDriverTestExecutionListener, org.springframework.boot.test.autoconfigure.webservices.client.MockWebServiceServerTestExecutionListener, org.springframework.boot.test.mock.mockito.MockitoTestExecutionListener, org.springframework.boot.test.mock.mockito.ResetMocksTestExecutionListener, org.springframework.test.context.web.ServletTestExecutionListener, org.springframework.test.context.support.DirtiesContextBeforeModesTestExecutionListener, org.springframework.test.context.event.ApplicationEventsTestExecutionListener, org.springframework.test.context.support.DependencyInjectionTestExecutionListener, org.springframework.test.context.support.DirtiesContextTestExecutionListener, org.springframework.test.context.transaction.TransactionalTestExecutionListener, org.springframework.test.context.jdbc.SqlScriptsTestExecutionListener, org.springframework.test.context.event.EventPublishingTestExecutionListener]
18:58:52.007 [Test worker] DEBUG org.springframework.boot.test.context.SpringBootTestContextBootstrapper - Skipping candidate TestExecutionListener [org.springframework.test.context.transaction.TransactionalTestExecutionListener] due to a missing dependency. Specify custom listener classes or make the default listener classes and their required dependencies available. Offending class: [org/springframework/transaction/interceptor/TransactionAttributeSource]
18:58:52.008 [Test worker] DEBUG org.springframework.boot.test.context.SpringBootTestContextBootstrapper - Skipping candidate TestExecutionListener [org.springframework.test.context.jdbc.SqlScriptsTestExecutionListener] due to a missing dependency. Specify custom listener classes or make the default listener classes and their required dependencies available. Offending class: [org/springframework/transaction/interceptor/TransactionAttribute]
18:58:52.008 [Test worker] INFO org.springframework.boot.test.context.SpringBootTestContextBootstrapper - Using TestExecutionListeners: [org.springframework.test.context.web.ServletTestExecutionListener@6da00fb9, org.springframework.test.context.support.DirtiesContextBeforeModesTestExecutionListener@a202ccb, org.springframework.test.context.event.ApplicationEventsTestExecutionListener@20f12539, org.springframework.boot.test.mock.mockito.MockitoTestExecutionListener@75b25825, org.springframework.boot.test.autoconfigure.SpringBootDependencyInjectionTestExecutionListener@18025ced, org.springframework.test.context.support.DirtiesContextTestExecutionListener@13cf7d52, org.springframework.test.context.event.EventPublishingTestExecutionListener@3a3e4aff, org.springframework.boot.test.autoconfigure.restdocs.RestDocsTestExecutionListener@5d2a4eed, org.springframework.boot.test.autoconfigure.web.client.MockRestServiceServerResetTestExecutionListener@57459491, org.springframework.boot.test.autoconfigure.web.servlet.MockMvcPrintOnlyOnFailureTestExecutionListener@3f0846c6, org.springframework.boot.test.autoconfigure.web.servlet.WebDriverTestExecutionListener@77a98a6a, org.springframework.boot.test.autoconfigure.webservices.client.MockWebServiceServerTestExecutionListener@78fbff54, org.springframework.boot.test.mock.mockito.ResetMocksTestExecutionListener@3e10dc6]
18:58:52.012 [Test worker] DEBUG org.springframework.test.context.support.AbstractDirtiesContextTestExecutionListener - Before test class: context [DefaultTestContext@4044fb95 testClass = WebtechApplicationTests, testInstance = [null], testMethod = [null], testException = [null], mergedContextConfiguration = [WebMergedContextConfiguration@aa549e5 testClass = WebtechApplicationTests, locations = '{}', classes = '{class de.htwberlin.webtech.webtech.WebtechApplication}', contextInitializerClasses = '[]', activeProfiles = '{}', propertySourceLocations = '{}', propertySourceProperties = '{org.springframework.boot.test.context.SpringBootTestContextBootstrapper=true}', contextCustomizers = set[org.springframework.boot.test.autoconfigure.actuate.metrics.MetricsExportContextCustomizerFactory$DisableMetricExportContextCustomizer@3406472c, org.springframework.boot.test.autoconfigure.properties.PropertyMappingContextCustomizer@0, org.springframework.boot.test.autoconfigure.web.servlet.WebDriverContextCustomizerFactory$Customizer@332729ad, org.springframework.boot.test.context.filter.ExcludeFilterContextCustomizer@6057aebb, org.springframework.boot.test.json.DuplicateJsonObjectContextCustomizerFactory$DuplicateJsonObjectContextCustomizer@6853425f, org.springframework.boot.test.mock.mockito.MockitoContextCustomizer@0, org.springframework.boot.test.web.client.TestRestTemplateContextCustomizer@41294f8, org.springframework.boot.test.context.SpringBootTestArgs@1, org.springframework.boot.test.context.SpringBootTestWebEnvironment@279fedbd], resourceBasePath = 'src/main/webapp', contextLoader = 'org.springframework.boot.test.context.SpringBootContextLoader', parent = [null]], attributes = map['org.springframework.test.context.web.ServletTestExecutionListener.activateListener' -> true]], class annotated with @DirtiesContext [false] with mode [null].
18:58:52.037 [Test worker] DEBUG org.springframework.test.context.support.TestPropertySourceUtils - Adding inlined properties to environment: {spring.jmx.enabled=false, org.springframework.boot.test.context.SpringBootTestContextBootstrapper=true}

  .   ____          _            __ _ _
 /\\ / ___'_ __ _ _(_)_ __  __ _ \ \ \ \
( ( )\___ | '_ | '_| | '_ \/ _` | \ \ \ \
 \\/  ___)| |_)| | | | | || (_| |  ) ) ) )
  '  |____| .__|_| |_|_| |_\__, | / / / /
 =========|_|==============|___/=/_/_/_/
 :: Spring Boot ::                (v2.5.6)

2021-11-04 18:58:52.253  INFO 23721 --- [    Test worker] d.h.w.webtech.WebtechApplicationTests    : Starting WebtechApplicationTests using Java 16.0.1 on Florians-Air.fritz.box with PID 23721 (started by floriananthes in /Users/floriananthes/IdeaProjects/WebtechProjekt)
2021-11-04 18:58:52.255  INFO 23721 --- [    Test worker] d.h.w.webtech.WebtechApplicationTests    : No active profile set, falling back to default profiles: default
2021-11-04 18:58:53.453  INFO 23721 --- [    Test worker] d.h.w.webtech.WebtechApplicationTests    : Started WebtechApplicationTests in 1.409 seconds (JVM running for 2.327)
]]></system-out>
  <system-err><![CDATA[]]></system-err>
</testsuite>
